Determining if the pthread_create exist failed with the following output:
Change Dir: /home/fionan/SD-VehicleInterface/sd_vehicle_interface/build/catkin_tools_prebuild/CMakeFiles/CMakeTmp

Run Build Command:"/usr/bin/make" "cmTC_c211e/fast"
/usr/bin/make -f CMakeFiles/cmTC_c211e.dir/build.make CMakeFiles/cmTC_c211e.dir/build
make[1]: Entering directory '/home/fionan/SD-VehicleInterface/sd_vehicle_interface/build/catkin_tools_prebuild/CMakeFiles/CMakeTmp'
Building C object CMakeFiles/cmTC_c211e.dir/CheckSymbolExists.c.o
/usr/bin/cc     -o CMakeFiles/cmTC_c211e.dir/CheckSymbolExists.c.o   -c /home/fionan/SD-VehicleInterface/sd_vehicle_interface/build/catkin_tools_prebuild/CMakeFiles/CMakeTmp/CheckSymbolExists.c
Linking C executable cmTC_c211e
/usr/local/bin/cmake -E cmake_link_script CMakeFiles/cmTC_c211e.dir/link.txt --verbose=1
/usr/bin/cc       CMakeFiles/cmTC_c211e.dir/CheckSymbolExists.c.o  -o cmTC_c211e -rdynamic 
CMakeFiles/cmTC_c211e.dir/CheckSymbolExists.c.o: In function `main':
CheckSymbolExists.c:(.text+0x16): undefined reference to `pthread_create'
collect2: error: ld returned 1 exit status
CMakeFiles/cmTC_c211e.dir/build.make:97: recipe for target 'cmTC_c211e' failed
make[1]: *** [cmTC_c211e] Error 1
make[1]: Leaving directory '/home/fionan/SD-VehicleInterface/sd_vehicle_interface/build/catkin_tools_prebuild/CMakeFiles/CMakeTmp'
Makefile:126: recipe for target 'cmTC_c211e/fast' failed
make: *** [cmTC_c211e/fast] Error 2

File /home/fionan/SD-VehicleInterface/sd_vehicle_interface/build/catkin_tools_prebuild/CMakeFiles/CMakeTmp/CheckSymbolExists.c:
/* */
#include <pthread.h>

int main(int argc, char** argv)
{
  (void)argv;
#ifndef pthread_create
  return ((int*)(&pthread_create))[argc];
#else
  (void)argc;
  return 0;
#endif
}

Determining if the function pthread_create exists in the pthreads failed with the following output:
Change Dir: /home/fionan/SD-VehicleInterface/sd_vehicle_interface/build/catkin_tools_prebuild/CMakeFiles/CMakeTmp

Run Build Command:"/usr/bin/make" "cmTC_b0e90/fast"
/usr/bin/make -f CMakeFiles/cmTC_b0e90.dir/build.make CMakeFiles/cmTC_b0e90.dir/build
make[1]: Entering directory '/home/fionan/SD-VehicleInterface/sd_vehicle_interface/build/catkin_tools_prebuild/CMakeFiles/CMakeTmp'
Building C object CMakeFiles/cmTC_b0e90.dir/CheckFunctionExists.c.o
/usr/bin/cc    -DCHECK_FUNCTION_EXISTS=pthread_create   -o CMakeFiles/cmTC_b0e90.dir/CheckFunctionExists.c.o   -c /usr/local/share/cmake-3.5/Modules/CheckFunctionExists.c
Linking C executable cmTC_b0e90
/usr/local/bin/cmake -E cmake_link_script CMakeFiles/cmTC_b0e90.dir/link.txt --verbose=1
/usr/bin/cc   -DCHECK_FUNCTION_EXISTS=pthread_create    CMakeFiles/cmTC_b0e90.dir/CheckFunctionExists.c.o  -o cmTC_b0e90 -rdynamic -lpthreads 
/usr/bin/ld: cannot find -lpthreads
collect2: error: ld returned 1 exit status
CMakeFiles/cmTC_b0e90.dir/build.make:97: recipe for target 'cmTC_b0e90' failed
make[1]: *** [cmTC_b0e90] Error 1
make[1]: Leaving directory '/home/fionan/SD-VehicleInterface/sd_vehicle_interface/build/catkin_tools_prebuild/CMakeFiles/CMakeTmp'
Makefile:126: recipe for target 'cmTC_b0e90/fast' failed
make: *** [cmTC_b0e90/fast] Error 2


