Determining if the pthread_create exist failed with the following output:
Change Dir: /home/fionan/SD-VehicleInterface/sd_vehicle_interface/build/sd_msgs/CMakeFiles/CMakeTmp

Run Build Command:"/usr/bin/make" "cmTC_7e64d/fast"
/usr/bin/make -f CMakeFiles/cmTC_7e64d.dir/build.make CMakeFiles/cmTC_7e64d.dir/build
make[1]: Entering directory '/home/fionan/SD-VehicleInterface/sd_vehicle_interface/build/sd_msgs/CMakeFiles/CMakeTmp'
Building C object CMakeFiles/cmTC_7e64d.dir/CheckSymbolExists.c.o
/usr/bin/cc     -o CMakeFiles/cmTC_7e64d.dir/CheckSymbolExists.c.o   -c /home/fionan/SD-VehicleInterface/sd_vehicle_interface/build/sd_msgs/CMakeFiles/CMakeTmp/CheckSymbolExists.c
Linking C executable cmTC_7e64d
/usr/local/bin/cmake -E cmake_link_script CMakeFiles/cmTC_7e64d.dir/link.txt --verbose=1
/usr/bin/cc       CMakeFiles/cmTC_7e64d.dir/CheckSymbolExists.c.o  -o cmTC_7e64d -rdynamic 
CMakeFiles/cmTC_7e64d.dir/CheckSymbolExists.c.o: In function `main':
CheckSymbolExists.c:(.text+0x16): undefined reference to `pthread_create'
collect2: error: ld returned 1 exit status
CMakeFiles/cmTC_7e64d.dir/build.make:97: recipe for target 'cmTC_7e64d' failed
make[1]: *** [cmTC_7e64d] Error 1
make[1]: Leaving directory '/home/fionan/SD-VehicleInterface/sd_vehicle_interface/build/sd_msgs/CMakeFiles/CMakeTmp'
Makefile:126: recipe for target 'cmTC_7e64d/fast' failed
make: *** [cmTC_7e64d/fast] Error 2

File /home/fionan/SD-VehicleInterface/sd_vehicle_interface/build/sd_msgs/CMakeFiles/CMakeTmp/CheckSymbolExists.c:
/* */
#include <pthread.h>

int main(int argc, char** argv)
{
  (void)argv;
#ifndef pthread_create
  return ((int*)(&pthread_create))[argc];
#else
  (void)argc;
  return 0;
#endif
}

Determining if the function pthread_create exists in the pthreads failed with the following output:
Change Dir: /home/fionan/SD-VehicleInterface/sd_vehicle_interface/build/sd_msgs/CMakeFiles/CMakeTmp

Run Build Command:"/usr/bin/make" "cmTC_13be1/fast"
/usr/bin/make -f CMakeFiles/cmTC_13be1.dir/build.make CMakeFiles/cmTC_13be1.dir/build
make[1]: Entering directory '/home/fionan/SD-VehicleInterface/sd_vehicle_interface/build/sd_msgs/CMakeFiles/CMakeTmp'
Building C object CMakeFiles/cmTC_13be1.dir/CheckFunctionExists.c.o
/usr/bin/cc    -DCHECK_FUNCTION_EXISTS=pthread_create   -o CMakeFiles/cmTC_13be1.dir/CheckFunctionExists.c.o   -c /usr/local/share/cmake-3.5/Modules/CheckFunctionExists.c
Linking C executable cmTC_13be1
/usr/local/bin/cmake -E cmake_link_script CMakeFiles/cmTC_13be1.dir/link.txt --verbose=1
/usr/bin/cc   -DCHECK_FUNCTION_EXISTS=pthread_create    CMakeFiles/cmTC_13be1.dir/CheckFunctionExists.c.o  -o cmTC_13be1 -rdynamic -lpthreads 
/usr/bin/ld: cannot find -lpthreads
collect2: error: ld returned 1 exit status
CMakeFiles/cmTC_13be1.dir/build.make:97: recipe for target 'cmTC_13be1' failed
make[1]: *** [cmTC_13be1] Error 1
make[1]: Leaving directory '/home/fionan/SD-VehicleInterface/sd_vehicle_interface/build/sd_msgs/CMakeFiles/CMakeTmp'
Makefile:126: recipe for target 'cmTC_13be1/fast' failed
make: *** [cmTC_13be1/fast] Error 2


