Determining if the pthread_create exist failed with the following output:
Change Dir: /home/fionan/SD-VehicleInterface/sd_vehicle_interface/build/sd_vehicle_interface/CMakeFiles/CMakeTmp

Run Build Command:"/usr/bin/make" "cmTC_1af0c/fast"
/usr/bin/make -f CMakeFiles/cmTC_1af0c.dir/build.make CMakeFiles/cmTC_1af0c.dir/build
make[1]: Entering directory '/home/fionan/SD-VehicleInterface/sd_vehicle_interface/build/sd_vehicle_interface/CMakeFiles/CMakeTmp'
Building C object CMakeFiles/cmTC_1af0c.dir/CheckSymbolExists.c.o
/usr/bin/cc     -o CMakeFiles/cmTC_1af0c.dir/CheckSymbolExists.c.o   -c /home/fionan/SD-VehicleInterface/sd_vehicle_interface/build/sd_vehicle_interface/CMakeFiles/CMakeTmp/CheckSymbolExists.c
Linking C executable cmTC_1af0c
/usr/local/bin/cmake -E cmake_link_script CMakeFiles/cmTC_1af0c.dir/link.txt --verbose=1
/usr/bin/cc       CMakeFiles/cmTC_1af0c.dir/CheckSymbolExists.c.o  -o cmTC_1af0c -rdynamic 
CMakeFiles/cmTC_1af0c.dir/CheckSymbolExists.c.o: In function `main':
CheckSymbolExists.c:(.text+0x16): undefined reference to `pthread_create'
collect2: error: ld returned 1 exit status
CMakeFiles/cmTC_1af0c.dir/build.make:97: recipe for target 'cmTC_1af0c' failed
make[1]: *** [cmTC_1af0c] Error 1
make[1]: Leaving directory '/home/fionan/SD-VehicleInterface/sd_vehicle_interface/build/sd_vehicle_interface/CMakeFiles/CMakeTmp'
Makefile:126: recipe for target 'cmTC_1af0c/fast' failed
make: *** [cmTC_1af0c/fast] Error 2

File /home/fionan/SD-VehicleInterface/sd_vehicle_interface/build/sd_vehicle_interface/CMakeFiles/CMakeTmp/CheckSymbolExists.c:
/* */
#include <pthread.h>

int main(int argc, char** argv)
{
  (void)argv;
#ifndef pthread_create
  return ((int*)(&pthread_create))[argc];
#else
  (void)argc;
  return 0;
#endif
}

Determining if the function pthread_create exists in the pthreads failed with the following output:
Change Dir: /home/fionan/SD-VehicleInterface/sd_vehicle_interface/build/sd_vehicle_interface/CMakeFiles/CMakeTmp

Run Build Command:"/usr/bin/make" "cmTC_54c6c/fast"
/usr/bin/make -f CMakeFiles/cmTC_54c6c.dir/build.make CMakeFiles/cmTC_54c6c.dir/build
make[1]: Entering directory '/home/fionan/SD-VehicleInterface/sd_vehicle_interface/build/sd_vehicle_interface/CMakeFiles/CMakeTmp'
Building C object CMakeFiles/cmTC_54c6c.dir/CheckFunctionExists.c.o
/usr/bin/cc    -DCHECK_FUNCTION_EXISTS=pthread_create   -o CMakeFiles/cmTC_54c6c.dir/CheckFunctionExists.c.o   -c /usr/local/share/cmake-3.5/Modules/CheckFunctionExists.c
Linking C executable cmTC_54c6c
/usr/local/bin/cmake -E cmake_link_script CMakeFiles/cmTC_54c6c.dir/link.txt --verbose=1
/usr/bin/cc   -DCHECK_FUNCTION_EXISTS=pthread_create    CMakeFiles/cmTC_54c6c.dir/CheckFunctionExists.c.o  -o cmTC_54c6c -rdynamic -lpthreads 
/usr/bin/ld: cannot find -lpthreads
collect2: error: ld returned 1 exit status
CMakeFiles/cmTC_54c6c.dir/build.make:97: recipe for target 'cmTC_54c6c' failed
make[1]: *** [cmTC_54c6c] Error 1
make[1]: Leaving directory '/home/fionan/SD-VehicleInterface/sd_vehicle_interface/build/sd_vehicle_interface/CMakeFiles/CMakeTmp'
Makefile:126: recipe for target 'cmTC_54c6c/fast' failed
make: *** [cmTC_54c6c/fast] Error 2


